2020-09-17 17:01:01,968-spider_server.conf.config_util-INFO-ConfigUtil-->分配空间
2020-09-17 17:01:01,968-spider_server.conf.config_util-INFO-ConfigUtil-->对象属性初始化
2020-09-17 17:01:01,969-spider_server.conf.config_util-INFO-config.ini------>E:\project\PycharmProjects\python_spiders\config.ini
2020-09-17 17:01:49,886-spider_server.exam_spider.exam_view-INFO-
2020-09-17 17:02:23,906-spider_server.conf.config_util-INFO-ConfigUtil-->分配空间
2020-09-17 17:02:23,907-spider_server.conf.config_util-INFO-ConfigUtil-->对象属性初始化
2020-09-17 17:02:23,907-spider_server.conf.config_util-INFO-config.ini------>E:\project\PycharmProjects\python_spiders\config.ini
2020-09-17 17:03:53,202-spider_server.conf.config_util-INFO-ConfigUtil-->分配空间
2020-09-17 17:03:53,203-spider_server.conf.config_util-INFO-ConfigUtil-->对象属性初始化
2020-09-17 17:03:53,203-spider_server.conf.config_util-INFO-config.ini------>E:\project\PycharmProjects\python_spiders\config.ini
2020-09-17 17:03:55,082-__main__-INFO-考试通知--->关于2020年度一级建造师资格考试甘肃考区划分的通知
2020-09-17 17:03:56,519-spider_server.email_smtp.email_util-INFO-邮件发送成功
2020-11-12 15:20:02,963-spider_server.conf.config_util-INFO-ConfigUtil-->分配空间
2020-11-12 15:20:02,998-spider_server.conf.config_util-INFO-ConfigUtil-->对象属性初始化
2020-11-12 15:20:02,999-spider_server.conf.config_util-INFO-config.ini------>E:\project\PycharmProjects\python_spiders\config.ini
2020-11-12 15:21:41,382-spider_server.exam_spider.exam_view-INFO-None
2020-11-12 15:30:51,268-spider_server.conf.config_util-INFO-ConfigUtil-->分配空间
2020-11-12 15:30:51,268-spider_server.conf.config_util-INFO-ConfigUtil-->对象属性初始化
2020-11-12 15:30:51,269-spider_server.conf.config_util-INFO-config.ini------>E:\project\PycharmProjects\python_spiders\config.ini
2020-12-04 18:09:01,886-spider_server.conf.config_util-INFO-ConfigUtil-->分配空间
2020-12-04 18:09:01,945-spider_server.conf.config_util-INFO-ConfigUtil-->对象属性初始化
2020-12-04 18:09:01,945-spider_server.conf.config_util-INFO-config.ini------>E:\project\PycharmProjects\python_spiders\config.ini
2020-12-04 18:10:19,074-spider_server.mafengwo_spider.mafengwo_view-INFO-105
2020-12-04 18:10:19,336-spider_server.mafengwo_spider.mafengwo_db-INFO-[{'tid': 1167, 'name': "秦始皇兵马俑博物馆（Emperor Qinshihuang's Mausoleum Site Museum）", 'address': '临潼', 'comments_num': 9874, 'travel_notes_num': 2121, 'city': '西安', 'create_time': '2020-07-19 01:15:05'}, {'tid': 1192, 'name': '回民街', 'address': '西安', 'comments_num': 8737, 'travel_notes_num': 1858, 'city': '西安', 'create_time': '2020-07-19 01:15:08'}, {'tid': 1166, 'name': '西安城墙（The Xi’an Circumvallation）', 'address': '西安', 'comments_num': 7240, 'travel_notes_num': 1497, 'city': '西安', 'create_time': '2020-07-19 01:15:05'}, {'tid': 1168, 'name': '陕西历史博物馆（Shaanxi History Museum）', 'address': '西安', 'comments_num': 6326, 'travel_notes_num': 1808, 'city': '西安', 'create_time': '2020-07-19 01:15:05'}, {'tid': 1178, 'name': "西安鼓楼（Xi'an tower）", 'address': '西安', 'comments_num': 4414, 'travel_notes_num': 707, 'city': '西安', 'create_time': '2020-07-19 01:15:06'}, {'tid': 1169, 'name': '华清宫（Huaqing Palace|Huaqing Pool）', 'address': '临潼', 'comments_num': 4267, 'travel_notes_num': 1020, 'city': '西安', 'create_time': '2020-07-19 01:15:05'}, {'tid': 1173, 'name': '大雁塔北广场', 'address': '西安', 'comments_num': 4208, 'travel_notes_num': 542, 'city': '西安', 'create_time': '2020-07-19 01:15:05'}, {'tid': 1171, 'name': '大慈恩寺', 'address': '西安', 'comments_num': 3553, 'travel_notes_num': 800, 'city': '西安', 'create_time': '2020-07-19 01:15:05'}, {'tid': 1179, 'name': "西安钟楼（Bell Tower of Xi'an）", 'address': '西安', 'comments_num': 3167, 'travel_notes_num': 577, 'city': '西安', 'create_time': '2020-07-19 01:15:06'}, {'tid': 1170, 'name': '大唐芙蓉园', 'address': '西安', 'comments_num': 2894, 'travel_notes_num': 697, 'city': '西安', 'create_time': '2020-07-19 01:15:05'}]
2020-12-04 18:10:19,969-spider_server.scheduler.scheduler_util-INFO-SchedulerUtil-->分配空间
2020-12-04 18:10:19,969-spider_server.scheduler.scheduler_util-INFO-SchedulerUtil-->对象属性初始化
2020-12-04 18:10:24,385-spider_server.scheduler.scheduler_util-INFO-获取调度器状态：0
2020-12-04 18:10:25,792-spider_server.exam_spider.exam_view-INFO-
2020-12-04 18:10:26,211-spider_server.scheduler.scheduler_util-INFO-获取调度器状态：0
2020-12-04 18:11:26,118-spider_server.scheduler.scheduler_util-INFO-获取调度器状态：0
2020-12-04 18:11:26,124-spider_server.scheduler.scheduler_util-INFO-获取调度器状态：0
2020-12-04 18:11:45,739-spider_server.scheduler.scheduler_util-INFO-获取调度器状态：0
2020-12-04 18:12:01,661-spider_server.exam_spider.exam_view-INFO-
2020-12-04 18:12:02,276-spider_server.scheduler.scheduler_util-INFO-获取调度器状态：0
2020-12-04 18:12:41,628-spider_server.exam_spider.exam_view-INFO-
2020-12-04 18:12:43,348-spider_server.scheduler.scheduler_util-INFO-获取调度器状态：0
2020-12-04 18:13:03,026-spider_server.exam_spider.exam_view-INFO-
2020-12-04 18:13:03,920-spider_server.scheduler.scheduler_util-INFO-获取调度器状态：0
2020-12-04 18:17:34,826-spider_server.scheduler.scheduler_util-INFO-获取调度器状态：0
